
ROM used: 6443 (79%)
          7267 (89%) including unused fragments

          4 Average locations per line
          7 Average locations per statement

RAM used: 75 (20%) at main() level
          114 (31%) worst case

Stack used: 8 worst case (out of 8 total available)

Lines Stmts  %   Files
----- ----- ---  -----
  678   678  77  Projeto 1.c
  425     0   0  C:\Users\Cezar\Downloads\PICC\devices\16f887.h
  283     0   0  regs_887.h
   54    49   6  display.h
   67   148  17  teclado.h
----- -----
 1507   875 Total

Page ROM  %  RAM   Vol Diff  Functions:
---- --- --- ---   --- ----  ----------
 Inline        1             @delay_ms1
0     27   0   0    56  1.6  tempo
0    108   2   0   642  1.9  inicializa_display
0     39   1   5   362  4.6  escreve
0      8   0   0   113  1.7  limpa
0     21   0   1             @delay_ms2
0    165   3   1  1677  4.4  teclado
 Inline        1  1624  3.4  teclado2
1    170   3   0   750  4.3  MAIN
0    113   2   2   255  1.8  menu
0     19   0   0             @const369
0     25   0   0             @const370
0     23   0   0             @const371
0     25   0   0             @const372
2   1299  20  12  3049  9.1  mostra_dados
0     29   0   2             @ITOF
0    134   2  13             @MULFF
0    217   3  14             @DIVFF
1     63   1  10             @FLT
1    341   5  16             @ADDFF
1     31   0   4             @SFTOI
1     37   1   5             @DIV1616
0     12   0   0   136  1.8  inicializa_timer1
0     73   1   0   516  2.4  teclado_INT
3   1123  17   4  3127  9.1  mostra_dadoscoletados
0    157   2   0  1734  5.4  coleta_dados
0     17   0   0   136  1.8  inicializa_ad
1    222   3   2   977  2.9  mostra_temp
0      9   0   0             @const398
0      8   0   0             @const399
1    209   3   2  1005  2.9  mostra_umidd
0      9   0   0             @const400
1    201   3   2   858  2.9  mostra_press
0      9   0   0             @const401
0      9   0   0             @const402
1    201   3   2   858  2.9  mostra_vent
0      9   0   0             @const403
0      9   0   0             @const404
 Inline        1   587  5.3  mostra_hora
 Inline        0   305  3.7  apaga_memoria
1    250   4   2   909  2.9  config_hora
0     21   0   0             @const405
0     17   0   0             @const406
0      7   0   0             @const407
1    273   4   2   838  4.3  config_tcoleta
0     23   0   0             @const408
0     23   0   0             @const409
0     21   0   0             @const411
0    295   5   3  1246  6.8  interrupcao_externa
0     19   0   0             @const412
0     21   0   0             @const414
0     12   0   0             @const415
0    121   2   2  1603  4.9  interrupcao_timer1
0    106   2   0  1017  3.4  interrrupcao_RB

Program metrics:
    Functions               25
    Statements              875
    Comments                237
    Volume (V)              40534
    Difficilty (D)          94.9
    Effort to implement (E) 3848407
    Time to implement (T)   59 hours, 23 minutes
    Est Delivered Bugs (B)  8
    Cyclomatic Complexity   87
    Maintainability (MI)    24

 Segment     Used  Free
-----------  ----  ----
00000-00003     4  0  
00004-0003E    59  0  
0003F-007FF  1960  25  
00800-00FFF  1998  50  
01000-017FF  1299  749  
01800-01FFF  1123  925  



